<?xml version="1.0" encoding="UTF-8"?>
<testsuite hostname="Kir" name="com.caffee.services.AbstractDAOTestCustomers" tests="9" failures="0" timestamp="9 May 2014 13:50:19 GMT" time="1.133" errors="0">
  <testcase name="testAbstractDAOSaveWithCreditCardType" time="0.861" classname="com.caffee.services.AbstractDAOTestCustomers"/>
  <testcase name="testAbstractDAOGetWithCreditCardType" time="0.022" classname="com.caffee.services.AbstractDAOTestCustomers"/>
  <testcase name="testAbstractDAOSaveWithCreditCard" time="0.003" classname="com.caffee.services.AbstractDAOTestCustomers"/>
  <testcase name="testAbstractDAOGetWithCreditCard" time="0.004" classname="com.caffee.services.AbstractDAOTestCustomers"/>
  <testcase name="testAbstractDAOSaveWithCustomer" time="0.001" classname="com.caffee.services.AbstractDAOTestCustomers"/>
  <testcase name="testAbstractDAOGetWithCustomer" time="0.002" classname="com.caffee.services.AbstractDAOTestCustomers"/>
  <testcase name="testAbstractDAODeleteWithCustomer" time="0.015" classname="com.caffee.services.AbstractDAOTestCustomers"/>
  <testcase name="testAbstractDAODeleteWithCreditCard" time="0.002" classname="com.caffee.services.AbstractDAOTestCustomers"/>
  <testcase name="testAbstractDAODeleteWithCreditCardType" time="0.001" classname="com.caffee.services.AbstractDAOTestCustomers"/>
</testsuite>
