<?xml version="1.0" encoding="UTF-8"?>
<testsuite hostname="Kir" name="com.caffee.services.CustomerServicesTest" tests="9" failures="0" timestamp="9 May 2014 11:39:17 GMT" time="0.046" errors="0">
  <testcase name="testCreditCardServicesSaveCardType" time="0.002" classname="com.caffee.services.TestCreditCardServices"/>
  <testcase name="testCreditCardServicesGetCardType" time="0.001" classname="com.caffee.services.TestCreditCardServices"/>
  <testcase name="testCreditCardServicesSaveCard" time="0.004" classname="com.caffee.services.TestCreditCardServices"/>
  <testcase name="testCreditCardServicesGetCard" time="0.005" classname="com.caffee.services.TestCreditCardServices"/>
  <testcase name="testCreditCardServicesDeleteCard" time="0.002" classname="com.caffee.services.TestCreditCardServices"/>
  <testcase name="testCreditCardServicesDeleteCardType" time="0.002" classname="com.caffee.services.TestCreditCardServices"/>
  <testcase name="testCustomerServicesSaveCustomer" time="0.003" classname="com.caffee.services.CustomerServicesTest"/>
  <testcase name="testCustomerServicesGetCustomer" time="0.0" classname="com.caffee.services.CustomerServicesTest"/>
  <testcase name="testCustomerServicesDeleteCustomer" time="0.011" classname="com.caffee.services.CustomerServicesTest"/>
</testsuite>
